<?xml version="1.0" encoding="UTF-8"?>
<testng-results ignored="0" total="4" passed="3" failed="1" skipped="0">
  <reporter-output>
  </reporter-output>
  <suite started-at="2024-10-09T21:08:27 EET" name="Default suite" finished-at="2024-10-09T21:08:31 EET" duration-ms="3169">
    <groups>
    </groups>
    <test started-at="2024-10-09T21:08:27 EET" name="Default test" finished-at="2024-10-09T21:08:31 EET" duration-ms="3169">
      <class name="MYProj.sqlMethodes">
        <test-method is-config="true" signature="preTest()[pri:0, instance:MYProj.sqlMethodes@4facf68f]" started-at="2024-10-09T21:08:27 EET" name="preTest" finished-at="2024-10-09T21:08:28 EET" duration-ms="566" status="PASS">
          <reporter-output>
          </reporter-output>
        </test-method> <!-- preTest -->
        <test-method signature="DeleteQuery()[pri:0, instance:MYProj.sqlMethodes@4facf68f]" started-at="2024-10-09T21:08:28 EET" name="DeleteQuery" finished-at="2024-10-09T21:08:28 EET" duration-ms="18" status="FAIL">
          <exception class="java.lang.AssertionError">
            <message>
              <![CDATA[sorry the delete has a problem expected [true] but found [false]]]>
            </message>
            <full-stacktrace>
              <![CDATA[java.lang.AssertionError: sorry the delete has a problem expected [true] but found [false]
at org.testng.Assert.fail(Assert.java:99)
at org.testng.Assert.failNotEquals(Assert.java:1037)
at org.testng.Assert.assertEqualsImpl(Assert.java:140)
at org.testng.Assert.assertEquals(Assert.java:122)
at org.testng.Assert.assertEquals(Assert.java:819)
at MYProj.sqlMethodes.DeleteQuery(sqlMethodes.java:82)
at java.base/jdk.internal.reflect.NativeMethodAccessorImpl.invoke0(Native Method)
at java.base/jdk.internal.reflect.NativeMethodAccessorImpl.invoke(NativeMethodAccessorImpl.java:77)
at java.base/jdk.internal.reflect.DelegatingMethodAccessorImpl.invoke(DelegatingMethodAccessorImpl.java:43)
at java.base/java.lang.reflect.Method.invoke(Method.java:568)
at org.testng.internal.MethodInvocationHelper.invokeMethod(MethodInvocationHelper.java:133)
at org.testng.internal.TestInvoker.invokeMethod(TestInvoker.java:598)
at org.testng.internal.TestInvoker.invokeTestMethod(TestInvoker.java:173)
at org.testng.internal.MethodRunner.runInSequence(MethodRunner.java:46)
at org.testng.internal.TestInvoker$MethodInvocationAgent.invoke(TestInvoker.java:824)
at org.testng.internal.TestInvoker.invokeTestMethods(TestInvoker.java:146)
at org.testng.internal.TestMethodWorker.invokeTestMethods(TestMethodWorker.java:146)
at org.testng.internal.TestMethodWorker.run(TestMethodWorker.java:128)
at java.base/java.util.ArrayList.forEach(ArrayList.java:1511)
at org.testng.TestRunner.privateRun(TestRunner.java:794)
at org.testng.TestRunner.run(TestRunner.java:596)
at org.testng.SuiteRunner.runTest(SuiteRunner.java:377)
at org.testng.SuiteRunner.runSequentially(SuiteRunner.java:371)
at org.testng.SuiteRunner.privateRun(SuiteRunner.java:332)
at org.testng.SuiteRunner.run(SuiteRunner.java:276)
at org.testng.SuiteRunnerWorker.runSuite(SuiteRunnerWorker.java:53)
at org.testng.SuiteRunnerWorker.run(SuiteRunnerWorker.java:96)
at org.testng.TestNG.runSuitesSequentially(TestNG.java:1212)
at org.testng.TestNG.runSuitesLocally(TestNG.java:1134)
at org.testng.TestNG.runSuites(TestNG.java:1063)
at org.testng.TestNG.run(TestNG.java:1031)
at org.testng.remote.AbstractRemoteTestNG.run(AbstractRemoteTestNG.java:115)
at org.testng.remote.RemoteTestNG.initAndRun(RemoteTestNG.java:251)
at org.testng.remote.RemoteTestNG.main(RemoteTestNG.java:77)
]]>
            </full-stacktrace>
          </exception> <!-- java.lang.AssertionError -->
          <reporter-output>
          </reporter-output>
        </test-method> <!-- DeleteQuery -->
        <test-method signature="createMethod()[pri:0, instance:MYProj.sqlMethodes@4facf68f]" started-at="2024-10-09T21:08:28 EET" name="createMethod" finished-at="2024-10-09T21:08:29 EET" duration-ms="653" status="PASS">
          <reporter-output>
          </reporter-output>
        </test-method> <!-- createMethod -->
        <test-method signature="readMethod()[pri:0, instance:MYProj.sqlMethodes@4facf68f]" started-at="2024-10-09T21:08:29 EET" name="readMethod" finished-at="2024-10-09T21:08:29 EET" duration-ms="130" status="PASS">
          <reporter-output>
          </reporter-output>
        </test-method> <!-- readMethod -->
        <test-method signature="updateMethod()[pri:0, instance:MYProj.sqlMethodes@4facf68f]" started-at="2024-10-09T21:08:29 EET" name="updateMethod" finished-at="2024-10-09T21:08:31 EET" duration-ms="1725" status="PASS">
          <reporter-output>
          </reporter-output>
        </test-method> <!-- updateMethod -->
        <test-method is-config="true" signature="postTest()[pri:0, instance:MYProj.sqlMethodes@4facf68f]" started-at="2024-10-09T21:08:31 EET" name="postTest" finished-at="2024-10-09T21:08:31 EET" duration-ms="3" status="PASS">
          <reporter-output>
          </reporter-output>
        </test-method> <!-- postTest -->
      </class> <!-- MYProj.sqlMethodes -->
    </test> <!-- Default test -->
  </suite> <!-- Default suite -->
</testng-results>
